0it [00:00, ?it/s]
Traceback (most recent call last):
  File "/home1/k/kimny817/miniconda3/lib/python3.7/runpy.py", line 193, in _run_module_as_main
    "__main__", mod_spec)
  File "/home1/k/kimny817/miniconda3/lib/python3.7/runpy.py", line 85, in _run_code
    exec(code, run_globals)
  File "/home1/k/kimny817/miniconda3/lib/python3.7/site-packages/allennlp/run.py", line 18, in <module>
    main(prog="allennlp")
  File "/home1/k/kimny817/miniconda3/lib/python3.7/site-packages/allennlp/commands/__init__.py", line 72, in main
    args.func(args)
  File "/home1/k/kimny817/miniconda3/lib/python3.7/site-packages/allennlp/commands/train.py", line 111, in train_model_from_args
    args.force)
  File "/home1/k/kimny817/miniconda3/lib/python3.7/site-packages/allennlp/commands/train.py", line 144, in train_model_from_file
    return train_model(params, serialization_dir, file_friendly_logging, recover, force)
  File "/home1/k/kimny817/miniconda3/lib/python3.7/site-packages/allennlp/commands/train.py", line 293, in train_model
    all_datasets = datasets_from_params(params)
  File "/home1/k/kimny817/miniconda3/lib/python3.7/site-packages/allennlp/commands/train.py", line 161, in datasets_from_params
    train_data = dataset_reader.read(train_data_path)
  File "/home1/k/kimny817/miniconda3/lib/python3.7/site-packages/allennlp/data/dataset_readers/dataset_reader.py", line 73, in read
    instances = [instance for instance in Tqdm.tqdm(instances)]
  File "/home1/k/kimny817/miniconda3/lib/python3.7/site-packages/allennlp/data/dataset_readers/dataset_reader.py", line 73, in <listcomp>
    instances = [instance for instance in Tqdm.tqdm(instances)]
  File "/home1/k/kimny817/miniconda3/lib/python3.7/site-packages/tqdm/_tqdm.py", line 1022, in __iter__
    for obj in iterable:
  File "/home1/k/kimny817/miniconda3/lib/python3.7/site-packages/allennlp/data/dataset_readers/sequence_tagging.py", line 66, in _read
    tokens = [Token(token) for token, tag in tokens_and_tags]
  File "/home1/k/kimny817/miniconda3/lib/python3.7/site-packages/allennlp/data/dataset_readers/sequence_tagging.py", line 66, in <listcomp>
    tokens = [Token(token) for token, tag in tokens_and_tags]
ValueError: not enough values to unpack (expected 2, got 1)

