0it [00:00, ?it/s]
400it [00:00, 3993.03it/s]
814it [00:00, 4033.49it/s]
1130it [00:00, 2382.84it/s]
1543it [00:00, 2728.57it/s]
1958it [00:00, 3040.05it/s]
2374it [00:00, 3305.64it/s]
2709it [00:01, 2152.00it/s]
3066it [00:01, 2442.05it/s]
3475it [00:01, 2776.59it/s]
3889it [00:01, 3080.55it/s]
4305it [00:01, 3339.81it/s]
4679it [00:01, 1575.80it/s]
5090it [00:02, 1930.57it/s]
5505it [00:02, 2298.76it/s]
5922it [00:02, 2655.45it/s]
6310it [00:02, 2933.10it/s]
6685it [00:02, 1980.07it/s]
7101it [00:02, 2349.25it/s]
7525it [00:02, 2711.32it/s]
7931it [00:03, 3010.74it/s]
8344it [00:03, 3275.30it/s]
8759it [00:03, 3494.76it/s]
9175it [00:03, 3668.85it/s]
9576it [00:03, 2172.28it/s]
9995it [00:03, 2538.82it/s]
10404it [00:03, 2863.04it/s]
10822it [00:03, 3160.75it/s]
11235it [00:04, 3399.11it/s]
11653it [00:04, 3599.34it/s]
12062it [00:04, 3733.06it/s]
12475it [00:04, 3842.81it/s]
12886it [00:04, 3918.40it/s]
13293it [00:04, 2092.70it/s]
13695it [00:04, 2443.84it/s]
14107it [00:05, 2782.51it/s]
14519it [00:05, 3081.35it/s]
14929it [00:05, 3328.12it/s]
15334it [00:05, 3515.70it/s]
15758it [00:05, 3703.67it/s]
16179it [00:05, 3841.13it/s]
16587it [00:05, 3858.67it/s]
16999it [00:05, 3930.60it/s]
17422it [00:05, 4014.19it/s]
17832it [00:06, 1915.95it/s]
18245it [00:06, 2283.02it/s]
18661it [00:06, 2639.74it/s]
19071it [00:06, 2954.88it/s]
19475it [00:06, 3213.61it/s]
19887it [00:06, 3439.05it/s]
20303it [00:06, 3625.50it/s]
20709it [00:07, 3736.25it/s]
21123it [00:07, 3848.28it/s]
21544it [00:07, 3948.43it/s]
21961it [00:07, 4011.68it/s]
22383it [00:07, 4070.21it/s]
22900it [00:07, 4346.73it/s]
23346it [00:08, 1686.69it/s]
23758it [00:08, 2049.40it/s]
24172it [00:08, 2414.80it/s]
24589it [00:08, 2762.97it/s]
24994it [00:08, 3053.17it/s]
25412it [00:08, 3320.72it/s]
25829it [00:08, 3535.52it/s]
26238it [00:08, 3685.33it/s]
26646it [00:09, 3793.17it/s]
27053it [00:09, 3860.25it/s]
27473it [00:09, 3953.47it/s]
27895it [00:09, 4029.69it/s]
28314it [00:09, 4076.35it/s]
28734it [00:09, 4111.00it/s]
29151it [00:09, 4111.49it/s]
29566it [00:09, 4108.80it/s]
29980it [00:09, 4015.91it/s]
30384it [00:10, 1413.68it/s]
30798it [00:10, 1761.32it/s]
31209it [00:10, 2125.39it/s]
31619it [00:10, 2483.79it/s]
32030it [00:10, 2817.21it/s]
32441it [00:11, 3109.41it/s]
32855it [00:11, 3358.90it/s]
33269it [00:11, 3560.11it/s]
33686it [00:11, 3723.11it/s]
34097it [00:11, 3830.37it/s]
34520it [00:11, 3939.96it/s]
34935it [00:11, 4000.45it/s]
35352it [00:11, 4049.84it/s]
35768it [00:11, 4080.43it/s]
36187it [00:11, 4111.58it/s]
36603it [00:12, 4102.36it/s]
37019it [00:12, 4118.52it/s]
37437it [00:12, 4133.11it/s]
37852it [00:12, 4130.94it/s]
38272it [00:12, 4151.26it/s]
38688it [00:12, 4151.10it/s]
39104it [00:13, 1359.00it/s]
39517it [00:13, 1701.36it/s]
39937it [00:13, 2070.96it/s]
40349it [00:13, 2434.01it/s]
40771it [00:13, 2787.01it/s]
41185it [00:13, 3089.36it/s]
41593it [00:13, 3322.77it/s]
41993it [00:14, 3391.56it/s]
42405it [00:14, 3581.19it/s]
42830it [00:14, 3755.98it/s]
43245it [00:14, 3863.82it/s]
43657it [00:14, 3935.57it/s]
44070it [00:14, 3991.72it/s]
44483it [00:14, 4030.86it/s]
44905it [00:14, 4085.43it/s]
45319it [00:14, 4078.58it/s]
45735it [00:14, 4102.30it/s]
46156it [00:15, 4130.85it/s]
46571it [00:15, 4105.80it/s]
46983it [00:15, 4100.86it/s]
47397it [00:15, 4111.71it/s]
47809it [00:15, 4109.46it/s]
48231it [00:15, 4140.14it/s]
48649it [00:15, 4150.62it/s]
49065it [00:15, 4142.22it/s]
Traceback (most recent call last):
  File "/home1/k/kimny817/miniconda3/lib/python3.7/runpy.py", line 193, in _run_module_as_main
    "__main__", mod_spec)
  File "/home1/k/kimny817/miniconda3/lib/python3.7/runpy.py", line 85, in _run_code
    exec(code, run_globals)
  File "/home1/k/kimny817/miniconda3/lib/python3.7/site-packages/allennlp/run.py", line 18, in <module>
    main(prog="allennlp")
  File "/home1/k/kimny817/miniconda3/lib/python3.7/site-packages/allennlp/commands/__init__.py", line 72, in main
    args.func(args)
  File "/home1/k/kimny817/miniconda3/lib/python3.7/site-packages/allennlp/commands/train.py", line 111, in train_model_from_args
    args.force)
  File "/home1/k/kimny817/miniconda3/lib/python3.7/site-packages/allennlp/commands/train.py", line 144, in train_model_from_file
    return train_model(params, serialization_dir, file_friendly_logging, recover, force)
  File "/home1/k/kimny817/miniconda3/lib/python3.7/site-packages/allennlp/commands/train.py", line 293, in train_model
    all_datasets = datasets_from_params(params)
  File "/home1/k/kimny817/miniconda3/lib/python3.7/site-packages/allennlp/commands/train.py", line 161, in datasets_from_params
    train_data = dataset_reader.read(train_data_path)
  File "/home1/k/kimny817/miniconda3/lib/python3.7/site-packages/allennlp/data/dataset_readers/dataset_reader.py", line 73, in read
    instances = [instance for instance in Tqdm.tqdm(instances)]
  File "/home1/k/kimny817/miniconda3/lib/python3.7/site-packages/allennlp/data/dataset_readers/dataset_reader.py", line 73, in <listcomp>
    instances = [instance for instance in Tqdm.tqdm(instances)]
  File "/home1/k/kimny817/miniconda3/lib/python3.7/site-packages/tqdm/_tqdm.py", line 1022, in __iter__
    for obj in iterable:
  File "/home1/k/kimny817/miniconda3/lib/python3.7/site-packages/allennlp/data/dataset_readers/sequence_tagging.py", line 66, in _read
    tokens = [Token(token) for token, tag in tokens_and_tags]
  File "/home1/k/kimny817/miniconda3/lib/python3.7/site-packages/allennlp/data/dataset_readers/sequence_tagging.py", line 66, in <listcomp>
    tokens = [Token(token) for token, tag in tokens_and_tags]
  File "/home1/k/kimny817/miniconda3/lib/python3.7/site-packages/allennlp/data/tokenizers/token.py", line 33, in __init__
    def __init__(self,
KeyboardInterrupt

