2019-04-27 17:23:29,042 - INFO - allennlp.common.from_params - instantiating class <class 'allennlp.data.dataset_readers.dataset_reader.DatasetReader'> from params {'type': 'sequence_tagging'} and extras {}
2019-04-27 17:23:29,042 - INFO - allennlp.common.params - dataset_reader.type = sequence_tagging
2019-04-27 17:23:29,042 - INFO - allennlp.common.from_params - instantiating class <class 'allennlp.data.dataset_readers.sequence_tagging.SequenceTaggingDatasetReader'> from params {} and extras {}
2019-04-27 17:23:29,042 - INFO - allennlp.common.params - dataset_reader.word_tag_delimiter = ###
2019-04-27 17:23:29,043 - INFO - allennlp.common.params - dataset_reader.token_delimiter = None
2019-04-27 17:23:29,043 - INFO - allennlp.common.params - dataset_reader.token_indexers = <allennlp.common.params.Params object at 0x7f5d627bc748>
2019-04-27 17:23:29,043 - INFO - allennlp.common.params - dataset_reader.lazy = False
2019-04-27 17:23:29,043 - INFO - allennlp.common.params - validation_dataset_reader = None
2019-04-27 17:23:29,043 - INFO - allennlp.common.params - train_data_path = data/train.txt
2019-04-27 17:23:29,043 - INFO - allennlp.commands.train - Reading training data from data/train.txt
2019-04-27 17:23:29,045 - INFO - allennlp.data.dataset_readers.sequence_tagging - Reading instances from lines in file at: data/train.txt
2019-04-27 17:23:49,181 - INFO - allennlp.common.params - validation_data_path = data/val.txt
2019-04-27 17:23:49,182 - INFO - allennlp.commands.train - Reading validation data from data/val.txt
2019-04-27 17:23:49,183 - INFO - allennlp.data.dataset_readers.sequence_tagging - Reading instances from lines in file at: data/val.txt
2019-04-27 17:23:50,743 - INFO - allennlp.common.params - test_data_path = data/test.txt
2019-04-27 17:23:50,744 - INFO - allennlp.commands.train - Reading test data from data/test.txt
2019-04-27 17:23:50,745 - INFO - allennlp.data.dataset_readers.sequence_tagging - Reading instances from lines in file at: data/test.txt
2019-04-27 17:23:54,302 - INFO - allennlp.commands.train - From dataset instances, validation, test, train will be considered for vocabulary creation.
2019-04-27 17:23:54,302 - INFO - allennlp.common.params - vocabulary.type = None
2019-04-27 17:23:54,302 - INFO - allennlp.common.params - vocabulary.extend = False
2019-04-27 17:23:54,302 - INFO - allennlp.common.params - vocabulary.directory_path = None
2019-04-27 17:23:54,302 - INFO - allennlp.common.params - vocabulary.min_count = None
2019-04-27 17:23:54,302 - INFO - allennlp.common.params - vocabulary.max_vocab_size = None
2019-04-27 17:23:54,302 - INFO - allennlp.common.params - vocabulary.non_padded_namespaces = ('*tags', '*labels')
2019-04-27 17:23:54,303 - INFO - allennlp.common.params - vocabulary.min_pretrained_embeddings = None
2019-04-27 17:23:54,303 - INFO - allennlp.common.params - vocabulary.only_include_pretrained_words = False
2019-04-27 17:23:54,303 - INFO - allennlp.common.params - vocabulary.tokens_to_add = None
2019-04-27 17:23:54,303 - INFO - allennlp.data.vocabulary - Fitting token dictionary from dataset.
2019-04-27 17:24:00,163 - INFO - allennlp.common.from_params - instantiating class <class 'allennlp.models.model.Model'> from params {'encoder': {'bidirectional': True, 'dropout': 0.25, 'hidden_size': 150, 'input_size': 50, 'num_layers': 2, 'type': 'lstm'}, 'text_field_embedder': {'token_embedders': {'tokens': {'embedding_dim': 50, 'trainable': True, 'type': 'embedding'}}}, 'type': 'truecaser'} and extras {'vocab': Vocabulary with namespaces:  tokens, Size: 28549 || labels, Size: 5 || Non Padded Namespaces: {'*tags', '*labels'}}
2019-04-27 17:24:00,164 - INFO - allennlp.common.params - model.type = truecaser
2019-04-27 17:24:00,164 - INFO - allennlp.common.from_params - instantiating class <class 'mylib.truecaser.TrueCaser'> from params {'encoder': {'bidirectional': True, 'dropout': 0.25, 'hidden_size': 150, 'input_size': 50, 'num_layers': 2, 'type': 'lstm'}, 'text_field_embedder': {'token_embedders': {'tokens': {'embedding_dim': 50, 'trainable': True, 'type': 'embedding'}}}} and extras {'vocab': Vocabulary with namespaces:  tokens, Size: 28549 || labels, Size: 5 || Non Padded Namespaces: {'*tags', '*labels'}}
2019-04-27 17:24:00,164 - INFO - allennlp.common.from_params - instantiating class <class 'allennlp.modules.text_field_embedders.text_field_embedder.TextFieldEmbedder'> from params {'token_embedders': {'tokens': {'embedding_dim': 50, 'trainable': True, 'type': 'embedding'}}} and extras {'vocab': Vocabulary with namespaces:  tokens, Size: 28549 || labels, Size: 5 || Non Padded Namespaces: {'*tags', '*labels'}}
2019-04-27 17:24:00,165 - INFO - allennlp.common.params - model.text_field_embedder.type = basic
2019-04-27 17:24:00,165 - INFO - allennlp.common.params - model.text_field_embedder.embedder_to_indexer_map = None
2019-04-27 17:24:00,165 - INFO - allennlp.common.params - model.text_field_embedder.allow_unmatched_keys = False
2019-04-27 17:24:00,165 - INFO - allennlp.common.from_params - instantiating class <class 'allennlp.modules.token_embedders.token_embedder.TokenEmbedder'> from params {'embedding_dim': 50, 'trainable': True, 'type': 'embedding'} and extras {'vocab': Vocabulary with namespaces:  tokens, Size: 28549 || labels, Size: 5 || Non Padded Namespaces: {'*tags', '*labels'}}
2019-04-27 17:24:00,165 - INFO - allennlp.common.params - model.text_field_embedder.token_embedders.tokens.type = embedding
2019-04-27 17:24:00,165 - INFO - allennlp.common.params - model.text_field_embedder.token_embedders.tokens.num_embeddings = None
2019-04-27 17:24:00,165 - INFO - allennlp.common.params - model.text_field_embedder.token_embedders.tokens.vocab_namespace = tokens
2019-04-27 17:24:00,166 - INFO - allennlp.common.params - model.text_field_embedder.token_embedders.tokens.embedding_dim = 50
2019-04-27 17:24:00,166 - INFO - allennlp.common.params - model.text_field_embedder.token_embedders.tokens.pretrained_file = None
2019-04-27 17:24:00,166 - INFO - allennlp.common.params - model.text_field_embedder.token_embedders.tokens.projection_dim = None
2019-04-27 17:24:00,166 - INFO - allennlp.common.params - model.text_field_embedder.token_embedders.tokens.trainable = True
2019-04-27 17:24:00,166 - INFO - allennlp.common.params - model.text_field_embedder.token_embedders.tokens.padding_index = None
2019-04-27 17:24:00,166 - INFO - allennlp.common.params - model.text_field_embedder.token_embedders.tokens.max_norm = None
2019-04-27 17:24:00,166 - INFO - allennlp.common.params - model.text_field_embedder.token_embedders.tokens.norm_type = 2.0
2019-04-27 17:24:00,166 - INFO - allennlp.common.params - model.text_field_embedder.token_embedders.tokens.scale_grad_by_freq = False
2019-04-27 17:24:00,166 - INFO - allennlp.common.params - model.text_field_embedder.token_embedders.tokens.sparse = False
2019-04-27 17:24:00,252 - INFO - allennlp.common.from_params - instantiating class <class 'allennlp.modules.seq2seq_encoders.seq2seq_encoder.Seq2SeqEncoder'> from params {'bidirectional': True, 'dropout': 0.25, 'hidden_size': 150, 'input_size': 50, 'num_layers': 2, 'type': 'lstm'} and extras {'vocab': Vocabulary with namespaces:  tokens, Size: 28549 || labels, Size: 5 || Non Padded Namespaces: {'*tags', '*labels'}}
2019-04-27 17:24:00,253 - INFO - allennlp.common.params - model.encoder.type = lstm
2019-04-27 17:24:00,253 - INFO - allennlp.common.params - model.encoder.batch_first = True
2019-04-27 17:24:00,253 - INFO - allennlp.common.params - model.encoder.stateful = False
2019-04-27 17:24:00,253 - INFO - allennlp.common.params - Converting Params object to dict; logging of default values will not occur when dictionary parameters are used subsequently.
2019-04-27 17:24:00,253 - INFO - allennlp.common.params - CURRENTLY DEFINED PARAMETERS: 
2019-04-27 17:24:00,253 - INFO - allennlp.common.params - model.encoder.bidirectional = True
2019-04-27 17:24:00,253 - INFO - allennlp.common.params - model.encoder.dropout = 0.25
2019-04-27 17:24:00,253 - INFO - allennlp.common.params - model.encoder.hidden_size = 150
2019-04-27 17:24:00,254 - INFO - allennlp.common.params - model.encoder.input_size = 50
2019-04-27 17:24:00,254 - INFO - allennlp.common.params - model.encoder.num_layers = 2
2019-04-27 17:24:00,254 - INFO - allennlp.common.params - model.encoder.batch_first = True
2019-04-27 17:24:00,268 - INFO - allennlp.nn.initializers - Initializing parameters
2019-04-27 17:24:00,269 - INFO - allennlp.nn.initializers - Done initializing parameters; the following parameters are using their default initialization from their code
2019-04-27 17:24:00,269 - INFO - allennlp.nn.initializers -    encoder._module.bias_hh_l0
2019-04-27 17:24:00,269 - INFO - allennlp.nn.initializers -    encoder._module.bias_hh_l0_reverse
2019-04-27 17:24:00,269 - INFO - allennlp.nn.initializers -    encoder._module.bias_hh_l1
2019-04-27 17:24:00,269 - INFO - allennlp.nn.initializers -    encoder._module.bias_hh_l1_reverse
2019-04-27 17:24:00,269 - INFO - allennlp.nn.initializers -    encoder._module.bias_ih_l0
2019-04-27 17:24:00,269 - INFO - allennlp.nn.initializers -    encoder._module.bias_ih_l0_reverse
2019-04-27 17:24:00,269 - INFO - allennlp.nn.initializers -    encoder._module.bias_ih_l1
2019-04-27 17:24:00,270 - INFO - allennlp.nn.initializers -    encoder._module.bias_ih_l1_reverse
2019-04-27 17:24:00,270 - INFO - allennlp.nn.initializers -    encoder._module.weight_hh_l0
2019-04-27 17:24:00,270 - INFO - allennlp.nn.initializers -    encoder._module.weight_hh_l0_reverse
2019-04-27 17:24:00,270 - INFO - allennlp.nn.initializers -    encoder._module.weight_hh_l1
2019-04-27 17:24:00,270 - INFO - allennlp.nn.initializers -    encoder._module.weight_hh_l1_reverse
2019-04-27 17:24:00,270 - INFO - allennlp.nn.initializers -    encoder._module.weight_ih_l0
2019-04-27 17:24:00,270 - INFO - allennlp.nn.initializers -    encoder._module.weight_ih_l0_reverse
2019-04-27 17:24:00,270 - INFO - allennlp.nn.initializers -    encoder._module.weight_ih_l1
2019-04-27 17:24:00,270 - INFO - allennlp.nn.initializers -    encoder._module.weight_ih_l1_reverse
2019-04-27 17:24:00,271 - INFO - allennlp.nn.initializers -    tag_projection_layer._module.bias
2019-04-27 17:24:00,271 - INFO - allennlp.nn.initializers -    tag_projection_layer._module.weight
2019-04-27 17:24:00,271 - INFO - allennlp.nn.initializers -    text_field_embedder.token_embedder_tokens.weight
2019-04-27 17:24:00,440 - INFO - allennlp.common.from_params - instantiating class <class 'allennlp.data.iterators.data_iterator.DataIterator'> from params {'batch_size': 1, 'type': 'basic'} and extras {}
2019-04-27 17:24:00,440 - INFO - allennlp.common.params - iterator.type = basic
2019-04-27 17:24:00,440 - INFO - allennlp.common.from_params - instantiating class <class 'allennlp.data.iterators.basic_iterator.BasicIterator'> from params {'batch_size': 1} and extras {}
2019-04-27 17:24:00,441 - INFO - allennlp.common.params - iterator.batch_size = 1
2019-04-27 17:24:00,441 - INFO - allennlp.common.params - iterator.instances_per_epoch = None
2019-04-27 17:24:00,441 - INFO - allennlp.common.params - iterator.max_instances_in_memory = None
2019-04-27 17:24:00,441 - INFO - allennlp.common.params - iterator.cache_instances = False
2019-04-27 17:24:00,441 - INFO - allennlp.common.params - iterator.track_epoch = False
2019-04-27 17:24:00,441 - INFO - allennlp.common.params - iterator.maximum_samples_per_batch = None
2019-04-27 17:24:00,441 - INFO - allennlp.common.params - validation_iterator = None
2019-04-27 17:24:00,441 - INFO - allennlp.common.params - trainer.no_grad = ()
2019-04-27 17:24:00,442 - INFO - allennlp.commands.train - Following parameters are Frozen  (without gradient):
2019-04-27 17:24:00,442 - INFO - allennlp.commands.train - Following parameters are Tunable (with gradient):
2019-04-27 17:24:00,442 - INFO - allennlp.commands.train - text_field_embedder.token_embedder_tokens.weight
2019-04-27 17:24:00,442 - INFO - allennlp.commands.train - encoder._module.weight_ih_l0
2019-04-27 17:24:00,442 - INFO - allennlp.commands.train - encoder._module.weight_hh_l0
2019-04-27 17:24:00,442 - INFO - allennlp.commands.train - encoder._module.bias_ih_l0
2019-04-27 17:24:00,442 - INFO - allennlp.commands.train - encoder._module.bias_hh_l0
2019-04-27 17:24:00,442 - INFO - allennlp.commands.train - encoder._module.weight_ih_l0_reverse
2019-04-27 17:24:00,442 - INFO - allennlp.commands.train - encoder._module.weight_hh_l0_reverse
2019-04-27 17:24:00,442 - INFO - allennlp.commands.train - encoder._module.bias_ih_l0_reverse
2019-04-27 17:24:00,443 - INFO - allennlp.commands.train - encoder._module.bias_hh_l0_reverse
2019-04-27 17:24:00,443 - INFO - allennlp.commands.train - encoder._module.weight_ih_l1
2019-04-27 17:24:00,443 - INFO - allennlp.commands.train - encoder._module.weight_hh_l1
2019-04-27 17:24:00,443 - INFO - allennlp.commands.train - encoder._module.bias_ih_l1
2019-04-27 17:24:00,443 - INFO - allennlp.commands.train - encoder._module.bias_hh_l1
2019-04-27 17:24:00,443 - INFO - allennlp.commands.train - encoder._module.weight_ih_l1_reverse
2019-04-27 17:24:00,443 - INFO - allennlp.commands.train - encoder._module.weight_hh_l1_reverse
2019-04-27 17:24:00,443 - INFO - allennlp.commands.train - encoder._module.bias_ih_l1_reverse
2019-04-27 17:24:00,443 - INFO - allennlp.commands.train - encoder._module.bias_hh_l1_reverse
2019-04-27 17:24:00,443 - INFO - allennlp.commands.train - tag_projection_layer._module.weight
2019-04-27 17:24:00,443 - INFO - allennlp.commands.train - tag_projection_layer._module.bias
2019-04-27 17:24:00,444 - INFO - allennlp.common.params - trainer.type = default
2019-04-27 17:24:00,444 - INFO - allennlp.common.params - trainer.patience = 25
2019-04-27 17:24:00,444 - INFO - allennlp.common.params - trainer.validation_metric = +f1
2019-04-27 17:24:00,444 - INFO - allennlp.common.params - trainer.shuffle = True
2019-04-27 17:24:00,444 - INFO - allennlp.common.params - trainer.num_epochs = 1
2019-04-27 17:24:00,444 - INFO - allennlp.common.params - trainer.cuda_device = -1
2019-04-27 17:24:00,444 - INFO - allennlp.common.params - trainer.grad_norm = 5
2019-04-27 17:24:00,444 - INFO - allennlp.common.params - trainer.grad_clipping = None
2019-04-27 17:24:00,444 - INFO - allennlp.common.params - trainer.learning_rate_scheduler = None
2019-04-27 17:24:00,445 - INFO - allennlp.common.params - trainer.optimizer.type = adam
2019-04-27 17:24:00,445 - INFO - allennlp.common.params - trainer.optimizer.parameter_groups = None
2019-04-27 17:24:00,445 - INFO - allennlp.training.optimizers - Number of trainable parameters: 2213755
2019-04-27 17:24:00,445 - INFO - allennlp.common.params - Converting Params object to dict; logging of default values will not occur when dictionary parameters are used subsequently.
2019-04-27 17:24:00,445 - INFO - allennlp.common.params - CURRENTLY DEFINED PARAMETERS: 
2019-04-27 17:24:00,445 - INFO - allennlp.common.params - trainer.optimizer.lr = 0.001
2019-04-27 17:24:00,445 - INFO - allennlp.common.params - trainer.num_serialized_models_to_keep = 3
2019-04-27 17:24:00,446 - INFO - allennlp.common.params - trainer.keep_serialized_model_every_num_seconds = None
2019-04-27 17:24:00,446 - INFO - allennlp.common.params - trainer.model_save_interval = None
2019-04-27 17:24:00,446 - INFO - allennlp.common.params - trainer.summary_interval = 100
2019-04-27 17:24:00,446 - INFO - allennlp.common.params - trainer.histogram_interval = None
2019-04-27 17:24:00,446 - INFO - allennlp.common.params - trainer.should_log_parameter_statistics = True
2019-04-27 17:24:00,446 - INFO - allennlp.common.params - trainer.should_log_learning_rate = False
2019-04-27 17:24:00,446 - INFO - allennlp.common.params - trainer.log_batch_size_period = None
2019-04-27 17:24:00,456 - INFO - allennlp.common.params - evaluate_on_test = True
2019-04-27 17:24:00,457 - INFO - allennlp.training.trainer - Beginning training.
2019-04-27 17:24:00,457 - INFO - allennlp.training.trainer - Epoch 0/0
2019-04-27 17:24:00,457 - INFO - allennlp.training.trainer - Peak CPU memory usage MB: 1425.696
2019-04-27 17:24:00,563 - INFO - allennlp.training.trainer - Training
